<?xml version="1.0" encoding="UTF-8"?>
<testng-results ignored="0" total="1" passed="1" failed="0" skipped="0">
  <reporter-output>
  </reporter-output>
  <suite started-at="2023-02-23T15:14:49 IST" name="Default suite" finished-at="2023-02-23T15:15:10 IST" duration-ms="20564">
    <groups>
    </groups>
    <test started-at="2023-02-23T15:14:49 IST" name="Default test" finished-at="2023-02-23T15:15:10 IST" duration-ms="20564">
      <class name="AutomationProject.SeleniumAutomationProject.verifyingloginpage">
        <test-method signature="validatelogin()[pri:1, instance:AutomationProject.SeleniumAutomationProject.verifyingloginpage@1623b78d]" started-at="2023-02-23T15:14:49 IST" name="validatelogin" finished-at="2023-02-23T15:15:10 IST" duration-ms="20519" status="PASS">
          <reporter-output>
          </reporter-output>
        </test-method> <!-- validatelogin -->
      </class> <!-- AutomationProject.SeleniumAutomationProject.verifyingloginpage -->
    </test> <!-- Default test -->
  </suite> <!-- Default suite -->
</testng-results>
